<?xml version="1.0" encoding="UTF-8"?>
<!-- Generated by org.testng.reporters.JUnitXMLReporter -->
<testsuite hostname="HEU-PEDRO-PRADIITA" ignored="0" name="Api Demo" tests="2" failures="1" timestamp="2021-11-14T11:35:32 ICT" time="53.384" errors="0">
  <testcase name="test1" time="6.504" classname="script.CloudApiDemoTest"/>
  <testcase name="test2" time="10.56" classname="script.CloudApiDemoTest">
    <failure type="org.openqa.selenium.NoSuchElementException" message="An element could not be located on the page using the given search parameters. (WARNING: The server did not provide any stacktrace information)
Command duration or timeout: 0 milliseconds
For documentation on this error, please visit: https://www.seleniumhq.org/exceptions/no_such_element.html
Build info: version: &amp;apos;3.141.59&amp;apos;, revision: &amp;apos;e82be7d358&amp;apos;, time: &amp;apos;2018-11-14T08:17:03&amp;apos;
System info: host: &amp;apos;HEU-PEDRO-PRADI&amp;apos;, ip: &amp;apos;192.168.43.78&amp;apos;, os.name: &amp;apos;Windows 8.1&amp;apos;, os.arch: &amp;apos;amd64&amp;apos;, os.version: &amp;apos;6.3&amp;apos;, java.version: &amp;apos;1.8.0&amp;apos;
Driver info: io.appium.java_client.android.AndroidDriver
Capabilities {64bit: false, acceptSslCert: false, acceptSslCerts: false, adbExecTimeout: 120000, appActivity: io.appium.android.apis.ApiD..., appPackage: io.appium.android.apis, automationName: UIAutomator2, browserstack.appium_version: 1.17.0, browserstack.is_hub_canary: false, browserstack.minOSVersion: 4.2, bundleID: io.appium.android.apis, bundleId: io.appium.android.apis, chromeOptions: {w3c: false}, chromedriverPort: 18082, chromedriverPorts: [[18122, 18132]], databaseEnabled: false, detected_language: selenium/3.141.59 (java win..., device: google pixel 4, deviceApiLevel: 30, deviceManufacturer: Google, deviceModel: Pixel 4, deviceName: 99271FFAZ0091P, deviceScreenDensity: 440, deviceScreenSize: 1080x2280, deviceUDID: 99271FFAZ0091P, enablePerformanceLogging: false, javascriptEnabled: true, locationContextEnabled: false, mobile: {browser: mobile, version: Google Pixel 4-11.0}, nativeWebScreenshot: true, networkConnectionEnabled: true, newCommandTimeout: 0, new_bucketing: true, orig_os: android, osVersion: 11.0, os_version: 11.0, pixelRatio: 2.75, platform: ANDROID, platformName: Android, platformVersion: 11, realMobile: true, skipServerInstallation: true, statBarHeight: 83, systemPort: 8202, takesScreenshot: true, udid: 99271FFAZ0091P, uiautomator2ServerLaunchTimeout: 60000, version: , viewportRect: {height: 2153, left: 0, top: 83, width: 1080}, warnings: {}, webStorageEnabled: false}
Session ID: f045423de9e5798b76d24b2ece6669bc70976cf0
*** Element info: {Using=-android uiautomator, value=text(&amp;quot;Viewss&amp;quot;)}">
      <![CDATA[org.openqa.selenium.NoSuchElementException: An element could not be located on the page using the given search parameters. (WARNING: The server did not provide any stacktrace information)
Command duration or timeout: 0 milliseconds
For documentation on this error, please visit: https://www.seleniumhq.org/exceptions/no_such_element.html
Build info: version: '3.141.59', revision: 'e82be7d358', time: '2018-11-14T08:17:03'
System info: host: 'HEU-PEDRO-PRADI', ip: '192.168.43.78', os.name: 'Windows 8.1', os.arch: 'amd64', os.version: '6.3', java.version: '1.8.0'
Driver info: io.appium.java_client.android.AndroidDriver
Capabilities {64bit: false, acceptSslCert: false, acceptSslCerts: false, adbExecTimeout: 120000, appActivity: io.appium.android.apis.ApiD..., appPackage: io.appium.android.apis, automationName: UIAutomator2, browserstack.appium_version: 1.17.0, browserstack.is_hub_canary: false, browserstack.minOSVersion: 4.2, bundleID: io.appium.android.apis, bundleId: io.appium.android.apis, chromeOptions: {w3c: false}, chromedriverPort: 18082, chromedriverPorts: [[18122, 18132]], databaseEnabled: false, detected_language: selenium/3.141.59 (java win..., device: google pixel 4, deviceApiLevel: 30, deviceManufacturer: Google, deviceModel: Pixel 4, deviceName: 99271FFAZ0091P, deviceScreenDensity: 440, deviceScreenSize: 1080x2280, deviceUDID: 99271FFAZ0091P, enablePerformanceLogging: false, javascriptEnabled: true, locationContextEnabled: false, mobile: {browser: mobile, version: Google Pixel 4-11.0}, nativeWebScreenshot: true, networkConnectionEnabled: true, newCommandTimeout: 0, new_bucketing: true, orig_os: android, osVersion: 11.0, os_version: 11.0, pixelRatio: 2.75, platform: ANDROID, platformName: Android, platformVersion: 11, realMobile: true, skipServerInstallation: true, statBarHeight: 83, systemPort: 8202, takesScreenshot: true, udid: 99271FFAZ0091P, uiautomator2ServerLaunchTimeout: 60000, version: , viewportRect: {height: 2153, left: 0, top: 83, width: 1080}, warnings: {}, webStorageEnabled: false}
Session ID: f045423de9e5798b76d24b2ece6669bc70976cf0
*** Element info: {Using=-android uiautomator, value=text("Viewss")}
at org.openqa.selenium.remote.ErrorHandler.createThrowable(ErrorHandler.java:214)
at org.openqa.selenium.remote.ErrorHandler.throwIfResponseFailed(ErrorHandler.java:166)
at org.openqa.selenium.remote.http.JsonHttpResponseCodec.reconstructValue(JsonHttpResponseCodec.java:40)
at org.openqa.selenium.remote.http.AbstractHttpResponseCodec.decode(AbstractHttpResponseCodec.java:80)
at org.openqa.selenium.remote.http.AbstractHttpResponseCodec.decode(AbstractHttpResponseCodec.java:44)
at org.openqa.selenium.remote.HttpCommandExecutor.execute(HttpCommandExecutor.java:158)
at io.appium.java_client.remote.AppiumCommandExecutor.execute(AppiumCommandExecutor.java:250)
at org.openqa.selenium.remote.RemoteWebDriver.execute(RemoteWebDriver.java:552)
at io.appium.java_client.DefaultGenericMobileDriver.execute(DefaultGenericMobileDriver.java:41)
at io.appium.java_client.AppiumDriver.execute(AppiumDriver.java:1)
at io.appium.java_client.android.AndroidDriver.execute(AndroidDriver.java:1)
at org.openqa.selenium.remote.RemoteWebDriver.findElement(RemoteWebDriver.java:323)
at io.appium.java_client.DefaultGenericMobileDriver.findElement(DefaultGenericMobileDriver.java:61)
at io.appium.java_client.AppiumDriver.findElement(AppiumDriver.java:1)
at io.appium.java_client.android.AndroidDriver.findElement(AndroidDriver.java:1)
at io.appium.java_client.FindsByAndroidUIAutomator.findElementByAndroidUIAutomator(FindsByAndroidUIAutomator.java:38)
at script.CloudApiDemoTest.test2(CloudApiDemoTest.java:54)
at java.util.ArrayList.forEach(ArrayList.java:1234)
at java.util.concurrent.FutureTask.run(FutureTask.java:266)
at java.util.concurrent.ThreadPoolExecutor.runWorker(ThreadPoolExecutor.java:1142)
at java.util.concurrent.ThreadPoolExecutor$Worker.run(ThreadPoolExecutor.java:617)
at java.lang.Thread.run(Thread.java:744)
... Removed 24 stack frames]]>
    </failure>
  </testcase> <!-- test2 -->
</testsuite> <!-- Api Demo -->
