<?xml version="1.0" encoding="UTF-8"?>
<!-- Generated by org.testng.reporters.JUnitXMLReporter -->
<testsuite ignored="2" hostname="HEU-PEDRO-PRADIITA" failures="0" tests="3" name="KuliahPage" time="384.905" errors="0" timestamp="2021-10-18T08:50:44 ICT">
  <testcase classname="pintaria.PintariaKuliahTest" name="KulahHeaderUrl" time="55.266"/>
  <testcase classname="pintaria.PintariaKuliahTest" name="KuliahBodyUrl" time="104.875"/>
  <testcase classname="pintaria.PintariaKuliahTest" name="KuliahFooterUrl" time="127.111"/>
  <testcase classname="pintaria.PintariaKuliahTest" name="SuccessInput" time="0.0">
    <ignored/>
  </testcase> <!-- SuccessInput -->
  <testcase classname="pintaria.PintariaKuliahTest" name="KuliahAlert" time="0.0">
    <ignored/>
  </testcase> <!-- KuliahAlert -->
</testsuite> <!-- KuliahPage -->
