<?xml version="1.0" encoding="UTF-8"?>
<!-- Generated by org.testng.reporters.JUnitXMLReporter -->
<testsuite hostname="HEU-PEDRO-PRADIITA" failures="1" tests="2" name="Test2" time="6.595" errors="0" timestamp="27 Oct 2021 07:43:40 GMT">
  <testcase classname="brick.BrickLoginTest" name="Login" time="0.0">
    <skipped/>
  </testcase> <!-- Login -->
  <testcase classname="brick.BrickLoginTest" name="LoginUserName" time="0.014">
    <failure type="java.lang.IllegalArgumentException" message="Keys to send should be a not null CharSequence">
      <![CDATA[java.lang.IllegalArgumentException: Keys to send should be a not null CharSequence
	at org.openqa.selenium.remote.RemoteWebElement.sendKeys(RemoteWebElement.java:97)
	at org.openqa.selenium.support.pagefactory.internal.LocatingElementHandler.invoke(LocatingElementHandler.java:51)
	at jdk.proxy2/jdk.proxy2.$Proxy27.sendKeys(Unknown Source)
	at brick.BrickLoginTest.LoginUserName(BrickLoginTest.java:286)
	at java.base/java.util.concurrent.ThreadPoolExecutor.runWorker(ThreadPoolExecutor.java:1130)
	at java.base/java.util.concurrent.ThreadPoolExecutor$Worker.run(ThreadPoolExecutor.java:630)
	at java.base/java.lang.Thread.run(Thread.java:831)
... Removed 14 stack frames]]>
    </failure>
  </testcase> <!-- LoginUserName -->
</testsuite> <!-- Test2 -->
